<?xml version="1.0" encoding="UTF-8"?>
<robot generator="Robot 7.0.1 (Python 3.12.4 on darwin)" generated="2024-07-26T23:14:51.192886" rpa="false" schemaversion="5">
<suite id="s1" name="BookTests" source="/Users/Mary/Documents/py2024/tests/BookTests.robot">
<test id="s1-t1" name="Test Book Creation" line="5">
<kw name="Create Book">
<msg time="2024-07-26T23:14:51.209006" level="FAIL">No keyword with name 'Create Book' found.</msg>
<var>${book}</var>
<arg>Title</arg>
<arg>Author</arg>
<arg>200</arg>
<arg>123456789</arg>
<status status="FAIL" start="2024-07-26T23:14:51.208990" elapsed="0.000042">No keyword with name 'Create Book' found.</status>
</kw>
<status status="FAIL" start="2024-07-26T23:14:51.208476" elapsed="0.000646">No keyword with name 'Create Book' found.</status>
</test>
<test id="s1-t2" name="Test Book Take" line="8">
<kw name="Create User">
<msg time="2024-07-26T23:14:51.209566" level="FAIL">No keyword with name 'Create User' found.</msg>
<var>${user}</var>
<arg>John</arg>
<arg>Doe</arg>
<arg>12345</arg>
<status status="FAIL" start="2024-07-26T23:14:51.209554" elapsed="0.000025">No keyword with name 'Create User' found.</status>
</kw>
<kw name="Create Book">
<var>${book}</var>
<arg>Title</arg>
<arg>Author</arg>
<arg>200</arg>
<arg>123456789</arg>
<status status="NOT RUN" start="2024-07-26T23:14:51.209641" elapsed="0.000007"/>
</kw>
<kw name="Take Book">
<arg>${user}</arg>
<arg>${book}</arg>
<status status="NOT RUN" start="2024-07-26T23:14:51.209696" elapsed="0.000006"/>
</kw>
<status status="FAIL" start="2024-07-26T23:14:51.209202" elapsed="0.000555">No keyword with name 'Create User' found.</status>
</test>
<test id="s1-t3" name="Test Book Return" line="13">
<kw name="Create User">
<msg time="2024-07-26T23:14:51.210167" level="FAIL">No keyword with name 'Create User' found.</msg>
<var>${user}</var>
<arg>John</arg>
<arg>Doe</arg>
<arg>12345</arg>
<status status="FAIL" start="2024-07-26T23:14:51.210158" elapsed="0.000021">No keyword with name 'Create User' found.</status>
</kw>
<kw name="Create Book">
<var>${book}</var>
<arg>Title</arg>
<arg>Author</arg>
<arg>200</arg>
<arg>123456789</arg>
<status status="NOT RUN" start="2024-07-26T23:14:51.210226" elapsed="0.000005"/>
</kw>
<kw name="Take Book">
<arg>${user}</arg>
<arg>${book}</arg>
<status status="NOT RUN" start="2024-07-26T23:14:51.210270" elapsed="0.000005"/>
</kw>
<kw name="Return Book">
<arg>${user}</arg>
<arg>${book}</arg>
<status status="NOT RUN" start="2024-07-26T23:14:51.210309" elapsed="0.000005"/>
</kw>
<status status="FAIL" start="2024-07-26T23:14:51.209827" elapsed="0.000533">No keyword with name 'Create User' found.</status>
</test>
<test id="s1-t4" name="Test Book Reservation" line="19">
<kw name="Create User">
<msg time="2024-07-26T23:14:51.210766" level="FAIL">No keyword with name 'Create User' found.</msg>
<var>${user}</var>
<arg>John</arg>
<arg>Doe</arg>
<arg>12345</arg>
<status status="FAIL" start="2024-07-26T23:14:51.210757" elapsed="0.000020">No keyword with name 'Create User' found.</status>
</kw>
<kw name="Create Book">
<var>${book}</var>
<arg>Title</arg>
<arg>Author</arg>
<arg>200</arg>
<arg>123456789</arg>
<status status="NOT RUN" start="2024-07-26T23:14:51.210823" elapsed="0.000006"/>
</kw>
<kw name="Reserve Book">
<arg>${user}</arg>
<arg>${book}</arg>
<status status="NOT RUN" start="2024-07-26T23:14:51.210869" elapsed="0.000005"/>
</kw>
<status status="FAIL" start="2024-07-26T23:14:51.210424" elapsed="0.000495">No keyword with name 'Create User' found.</status>
</test>
<status status="FAIL" start="2024-07-26T23:14:51.193922" elapsed="0.017151"/>
</suite>
<statistics>
<total>
<stat pass="0" fail="4" skip="0">All Tests</stat>
</total>
<tag>
</tag>
<suite>
<stat pass="0" fail="4" skip="0" id="s1" name="BookTests">BookTests</stat>
</suite>
</statistics>
<errors>
<msg time="2024-07-26T23:14:51.208267" level="ERROR">Error in file '/Users/Mary/Documents/py2024/tests/BookTests.robot' on line 2: Library '../BookUserLibrary.py' does not exist.</msg>
</errors>
</robot>
