<?xml version="1.0" encoding="UTF-8"?>
<robot generator="Robot 7.0.1 (Python 3.12.4 on darwin)" generated="2024-07-26T23:53:40.849462" rpa="false" schemaversion="5">
<suite id="s1" name="BankTests" source="/Users/Mary/Documents/py2024/tests/BankTests.robot">
<test id="s1-t1" name="Test Deposit Creation" line="13">
<kw name="Create Deposit" owner="BankLibrary">
<msg time="2024-07-26T23:53:40.869253" level="INFO">${deposit} = &lt;homework11_bank_deposit.Deposit object at 0x1067e03b0&gt;</msg>
<var>${deposit}</var>
<arg>${DEPOSIT_START_DATE}</arg>
<arg>${DEPOSIT_END_DATE}</arg>
<doc>Создает экземпляр депозита и возвращает его.</doc>
<status status="PASS" start="2024-07-26T23:53:40.869137" elapsed="0.000131"/>
</kw>
<kw name="Should Be Equal" owner="BuiltIn">
<arg>${deposit.deposit_start_date.strftime('%d.%m.%Y')}</arg>
<arg>${DEPOSIT_START_DATE}</arg>
<doc>Fails if the given objects are unequal.</doc>
<status status="PASS" start="2024-07-26T23:53:40.869341" elapsed="0.000234"/>
</kw>
<kw name="Should Be Equal" owner="BuiltIn">
<arg>${deposit.end_date_deposit.strftime('%d.%m.%Y')}</arg>
<arg>${DEPOSIT_END_DATE}</arg>
<doc>Fails if the given objects are unequal.</doc>
<status status="PASS" start="2024-07-26T23:53:40.869631" elapsed="0.000179"/>
</kw>
<status status="PASS" start="2024-07-26T23:53:40.868890" elapsed="0.000969"/>
</test>
<test id="s1-t2" name="Test Bank Account Creation" line="18">
<kw name="Create Bank Account" owner="BankLibrary">
<msg time="2024-07-26T23:53:40.870118" level="INFO">${bank_account} = &lt;homework11_bank_deposit.Bank object at 0x1067e0950&gt;</msg>
<var>${bank_account}</var>
<arg>${DEPOSIT_AMOUNT}</arg>
<arg>${DEPOSIT_TERM_YEAR}</arg>
<arg>${PERCENT_DEPOSIT}</arg>
<doc>Создает экземпляр банковского счета и возвращает его.</doc>
<status status="PASS" start="2024-07-26T23:53:40.870038" elapsed="0.000090"/>
</kw>
<kw name="Should Be Equal As Numbers" owner="BuiltIn">
<msg time="2024-07-26T23:53:40.870423" level="INFO">Argument types are:
&lt;class 'float'&gt;
&lt;class 'str'&gt;</msg>
<arg>${bank_account.deposit_amount}</arg>
<arg>${DEPOSIT_AMOUNT}</arg>
<doc>Fails if objects are unequal after converting them to real numbers.</doc>
<status status="PASS" start="2024-07-26T23:53:40.870178" elapsed="0.000273"/>
</kw>
<kw name="Should Be Equal As Numbers" owner="BuiltIn">
<msg time="2024-07-26T23:53:40.870658" level="INFO">Argument types are:
&lt;class 'int'&gt;
&lt;class 'str'&gt;</msg>
<arg>${bank_account.deposit_term_year}</arg>
<arg>${DEPOSIT_TERM_YEAR}</arg>
<doc>Fails if objects are unequal after converting them to real numbers.</doc>
<status status="PASS" start="2024-07-26T23:53:40.870501" elapsed="0.000177"/>
</kw>
<kw name="Should Be Equal As Numbers" owner="BuiltIn">
<msg time="2024-07-26T23:53:40.870875" level="INFO">Argument types are:
&lt;class 'float'&gt;
&lt;class 'str'&gt;</msg>
<arg>${bank_account.percent_deposit}</arg>
<arg>${PERCENT_DEPOSIT}</arg>
<doc>Fails if objects are unequal after converting them to real numbers.</doc>
<status status="PASS" start="2024-07-26T23:53:40.870727" elapsed="0.000167"/>
</kw>
<status status="PASS" start="2024-07-26T23:53:40.869934" elapsed="0.001005"/>
</test>
<test id="s1-t3" name="Test Bank Account Calculation" line="24">
<kw name="Create Bank Account" owner="BankLibrary">
<msg time="2024-07-26T23:53:40.871182" level="INFO">${bank_account} = &lt;homework11_bank_deposit.Bank object at 0x1067e1610&gt;</msg>
<var>${bank_account}</var>
<arg>${DEPOSIT_AMOUNT}</arg>
<arg>${DEPOSIT_TERM_YEAR}</arg>
<arg>${PERCENT_DEPOSIT}</arg>
<doc>Создает экземпляр банковского счета и возвращает его.</doc>
<status status="PASS" start="2024-07-26T23:53:40.871107" elapsed="0.000084"/>
</kw>
<kw name="Calculate Final Amount" owner="BankLibrary">
<msg time="2024-07-26T23:53:40.871286" level="INFO">${final_amount} = 24417.907100508397</msg>
<var>${final_amount}</var>
<arg>${bank_account}</arg>
<doc>Выполняет расчет итоговой суммы на банковском счете.</doc>
<status status="PASS" start="2024-07-26T23:53:40.871234" elapsed="0.000059"/>
</kw>
<kw name="Log" owner="BuiltIn">
<msg time="2024-07-26T23:53:40.871388" level="INFO">The final amount after 4 years is 24417.907100508397</msg>
<arg>The final amount after ${DEPOSIT_TERM_YEAR} years is ${final_amount}</arg>
<doc>Logs the given message with the given level.</doc>
<status status="PASS" start="2024-07-26T23:53:40.871334" elapsed="0.000067"/>
</kw>
<kw name="Evaluate" owner="BuiltIn">
<msg time="2024-07-26T23:53:40.871522" level="INFO">${expected_final_amount} = 24417.91</msg>
<var>${expected_final_amount}</var>
<arg>round(${final_amount}, 2)</arg>
<doc>Evaluates the given expression in Python and returns the result.</doc>
<status status="PASS" start="2024-07-26T23:53:40.871443" elapsed="0.000086"/>
</kw>
<kw name="Should Be Equal As Numbers" owner="BuiltIn">
<msg time="2024-07-26T23:53:40.871610" level="INFO">Argument types are:
&lt;class 'float'&gt;
&lt;class 'str'&gt;</msg>
<arg>${expected_final_amount}</arg>
<arg>24417.91</arg>
<doc>Fails if objects are unequal after converting them to real numbers.</doc>
<status status="PASS" start="2024-07-26T23:53:40.871570" elapsed="0.000078"/>
</kw>
<status status="PASS" start="2024-07-26T23:53:40.871010" elapsed="0.000680"/>
</test>
<status status="PASS" start="2024-07-26T23:53:40.850497" elapsed="0.021341"/>
</suite>
<statistics>
<total>
<stat pass="3" fail="0" skip="0">All Tests</stat>
</total>
<tag>
</tag>
<suite>
<stat pass="3" fail="0" skip="0" id="s1" name="BankTests">BankTests</stat>
</suite>
</statistics>
<errors>
</errors>
</robot>
